[ 2016-04-16T14:42:14+08:00 ] ::1 /
INFO: [ app_init ] --START--
INFO: Run Behavior\BuildLiteBehavior [ RunTime:0.000062s ]
INFO: [ app_init ] --END-- [ RunTime:0.013603s ]
INFO: [ app_begin ] --START--
INFO: Run Behavior\ReadHtmlCacheBehavior [ RunTime:0.018723s ]
INFO: [ app_begin ] --END-- [ RunTime:0.019023s ]
SQL: SHOW COLUMNS FROM `whg_users` [ RunTime:0.0550s ]
SQL: SELECT `userid`,`loginnum` FROM `whg_users` WHERE `userid` = 5 LIMIT 1   [ RunTime:0.0046s ]
SQL: SHOW COLUMNS FROM `whg_his_batty` [ RunTime:0.0363s ]
SQL: SELECT `syspressure`,`soc`,`battery`,`range`,`tempmax`,`tempmin`,`voltagemax`,`voltagemin`,`faultevent`,`faulttime`,`recordtime` FROM `whg_his_batty` WHERE `userid` = 5  [ RunTime:0.0008s ]
INFO: [ view_parse ] --START--
INFO: [ template_filter ] --START--
INFO: Run Behavior\ContentReplaceBehavior [ RunTime:0.000337s ]
INFO: [ template_filter ] --END-- [ RunTime:0.000618s ]
INFO: Run Behavior\ParseTemplateBehavior [ RunTime:0.203495s ]
INFO: [ view_parse ] --END-- [ RunTime:0.203786s ]
INFO: [ view_filter ] --START--
INFO: Run Behavior\WriteHtmlCacheBehavior [ RunTime:0.012106s ]
INFO: [ view_filter ] --END-- [ RunTime:0.012424s ]
INFO: [ app_end ] --START--
INFO: Run Behavior\ShowPageTraceBehavior [ RunTime:0.055070s ]
INFO: [ app_end ] --END-- [ RunTime:0.055494s ]

[ 2016-04-16T14:43:45+08:00 ] ::1 /index.php/Home/Login/logout.html
INFO: [ app_init ] --START--
INFO: Run Behavior\BuildLiteBehavior [ RunTime:0.000075s ]
INFO: [ app_init ] --END-- [ RunTime:0.001126s ]
INFO: [ app_begin ] --START--
INFO: Run Behavior\ReadHtmlCacheBehavior [ RunTime:0.000971s ]
INFO: [ app_begin ] --END-- [ RunTime:0.001249s ]

[ 2016-04-16T14:43:48+08:00 ] ::1 /index.php/Home/Login/login.html
INFO: [ app_init ] --START--
INFO: Run Behavior\BuildLiteBehavior [ RunTime:0.000102s ]
INFO: [ app_init ] --END-- [ RunTime:0.001160s ]
INFO: [ app_begin ] --START--
INFO: Run Behavior\ReadHtmlCacheBehavior [ RunTime:0.000967s ]
INFO: [ app_begin ] --END-- [ RunTime:0.001240s ]
INFO: [ view_parse ] --START--
INFO: [ template_filter ] --START--
INFO: Run Behavior\ContentReplaceBehavior [ RunTime:0.000214s ]
INFO: [ template_filter ] --END-- [ RunTime:0.000491s ]
INFO: Run Behavior\ParseTemplateBehavior [ RunTime:0.061723s ]
INFO: [ view_parse ] --END-- [ RunTime:0.062092s ]
INFO: [ view_filter ] --START--
INFO: Run Behavior\WriteHtmlCacheBehavior [ RunTime:0.000750s ]
INFO: [ view_filter ] --END-- [ RunTime:0.001029s ]
INFO: [ app_end ] --START--
INFO: Run Behavior\ShowPageTraceBehavior [ RunTime:0.000958s ]
INFO: [ app_end ] --END-- [ RunTime:0.001211s ]

[ 2016-04-16T14:43:55+08:00 ] ::1 /index.php/Home/Login/login.html
INFO: [ app_init ] --START--
INFO: Run Behavior\BuildLiteBehavior [ RunTime:0.000073s ]
INFO: [ app_init ] --END-- [ RunTime:0.001070s ]
INFO: [ app_begin ] --START--
INFO: Run Behavior\ReadHtmlCacheBehavior [ RunTime:0.001680s ]
INFO: [ app_begin ] --END-- [ RunTime:0.002091s ]
SQL: SHOW COLUMNS FROM `whg_users` [ RunTime:0.0238s ]
NOTIC: [8] Undefined index: validate C:\wamp\www\ThinkPHP\Library\Think\Model.class.php 第 1185 行.
NOTIC: [8] Undefined index: auto C:\wamp\www\ThinkPHP\Library\Think\Model.class.php 第 1128 行.
SQL: SELECT `userid`,`username`,`password`,`lastdate`,`lastip` FROM `whg_users` WHERE `username` = 'test' LIMIT 1   [ RunTime:0.0012s ]
INFO: [ view_parse ] --START--
INFO: [ template_filter ] --START--
INFO: Run Behavior\ContentReplaceBehavior [ RunTime:0.000197s ]
INFO: [ template_filter ] --END-- [ RunTime:0.000616s ]
INFO: Run Behavior\ParseTemplateBehavior [ RunTime:0.034106s ]
INFO: [ view_parse ] --END-- [ RunTime:0.034454s ]
INFO: [ view_filter ] --START--
INFO: Run Behavior\WriteHtmlCacheBehavior [ RunTime:0.001209s ]
INFO: [ view_filter ] --END-- [ RunTime:0.001666s ]

[ 2016-04-16T14:43:58+08:00 ] ::1 /index.php/Home/Login/login.html
INFO: [ app_init ] --START--
INFO: Run Behavior\BuildLiteBehavior [ RunTime:0.000054s ]
INFO: [ app_init ] --END-- [ RunTime:0.000747s ]
INFO: [ app_begin ] --START--
INFO: Run Behavior\ReadHtmlCacheBehavior [ RunTime:0.002724s ]
INFO: [ app_begin ] --END-- [ RunTime:0.003507s ]
INFO: [ view_parse ] --START--
INFO: [ template_filter ] --START--
INFO: Run Behavior\ContentReplaceBehavior [ RunTime:0.000277s ]
INFO: [ template_filter ] --END-- [ RunTime:0.000696s ]
INFO: Run Behavior\ParseTemplateBehavior [ RunTime:0.021954s ]
INFO: [ view_parse ] --END-- [ RunTime:0.022300s ]
INFO: [ view_filter ] --START--
INFO: Run Behavior\WriteHtmlCacheBehavior [ RunTime:0.001015s ]
INFO: [ view_filter ] --END-- [ RunTime:0.001365s ]
INFO: [ app_end ] --START--
INFO: Run Behavior\ShowPageTraceBehavior [ RunTime:0.002504s ]
INFO: [ app_end ] --END-- [ RunTime:0.002866s ]

[ 2016-04-16T14:44:03+08:00 ] ::1 /index.php/Home/Login/login.html
INFO: [ app_init ] --START--
INFO: Run Behavior\BuildLiteBehavior [ RunTime:0.000076s ]
INFO: [ app_init ] --END-- [ RunTime:0.001202s ]
INFO: [ app_begin ] --START--
INFO: Run Behavior\ReadHtmlCacheBehavior [ RunTime:0.001520s ]
INFO: [ app_begin ] --END-- [ RunTime:0.001968s ]
SQL: SHOW COLUMNS FROM `whg_users` [ RunTime:0.0433s ]
NOTIC: [8] Undefined index: validate C:\wamp\www\ThinkPHP\Library\Think\Model.class.php 第 1185 行.
NOTIC: [8] Undefined index: auto C:\wamp\www\ThinkPHP\Library\Think\Model.class.php 第 1128 行.
SQL: SELECT `userid`,`username`,`password`,`lastdate`,`lastip` FROM `whg_users` WHERE `username` = 'test' LIMIT 1   [ RunTime:0.0004s ]
SQL: SHOW COLUMNS FROM `whg_users` [ RunTime:0.0107s ]
SQL: UPDATE `whg_users` SET `loginnum`=loginnum+1 WHERE `username` = 'test' AND `userid` = 6 [ RunTime:0.0040s ]
SQL: UPDATE `whg_users` SET `username`='test',`password`='e10adc3949ba59abbe56e057f20f883e',`lastdate`='1460789043',`lastip`='0.0.0.0' WHERE `username` = 'test' AND `userid` = 6 [ RunTime:0.0004s ]
INFO: [ view_parse ] --START--
INFO: [ template_filter ] --START--
INFO: Run Behavior\ContentReplaceBehavior [ RunTime:0.000142s ]
INFO: [ template_filter ] --END-- [ RunTime:0.000418s ]
INFO: Run Behavior\ParseTemplateBehavior [ RunTime:0.013546s ]
INFO: [ view_parse ] --END-- [ RunTime:0.013962s ]
INFO: [ view_filter ] --START--
INFO: Run Behavior\WriteHtmlCacheBehavior [ RunTime:0.000819s ]
INFO: [ view_filter ] --END-- [ RunTime:0.001117s ]
INFO: [ app_end ] --START--
INFO: Run Behavior\ShowPageTraceBehavior [ RunTime:0.001092s ]
INFO: [ app_end ] --END-- [ RunTime:0.001362s ]

[ 2016-04-16T14:44:05+08:00 ] ::1 /index.php/Home/Index/index.html
INFO: [ app_init ] --START--
INFO: Run Behavior\BuildLiteBehavior [ RunTime:0.000116s ]
INFO: [ app_init ] --END-- [ RunTime:0.001199s ]
INFO: [ app_begin ] --START--
INFO: Run Behavior\ReadHtmlCacheBehavior [ RunTime:0.001167s ]
INFO: [ app_begin ] --END-- [ RunTime:0.001500s ]
SQL: SHOW COLUMNS FROM `whg_users` [ RunTime:0.0370s ]
SQL: SELECT `userid`,`loginnum` FROM `whg_users` WHERE `userid` = 6 LIMIT 1   [ RunTime:0.0017s ]
SQL: SHOW COLUMNS FROM `whg_his_batty` [ RunTime:0.0182s ]
SQL: SELECT `syspressure`,`soc`,`battery`,`range`,`tempmax`,`tempmin`,`voltagemax`,`voltagemin`,`faultevent`,`faulttime`,`recordtime` FROM `whg_his_batty` WHERE `userid` = 6  [ RunTime:0.0005s ]
INFO: [ view_parse ] --START--
INFO: [ template_filter ] --START--
INFO: Run Behavior\ContentReplaceBehavior [ RunTime:0.000554s ]
INFO: [ template_filter ] --END-- [ RunTime:0.000949s ]
INFO: Run Behavior\ParseTemplateBehavior [ RunTime:0.064781s ]
INFO: [ view_parse ] --END-- [ RunTime:0.065194s ]
INFO: [ view_filter ] --START--
INFO: Run Behavior\WriteHtmlCacheBehavior [ RunTime:0.001119s ]
INFO: [ view_filter ] --END-- [ RunTime:0.002092s ]
INFO: [ app_end ] --START--
INFO: Run Behavior\ShowPageTraceBehavior [ RunTime:0.001648s ]
INFO: [ app_end ] --END-- [ RunTime:0.002052s ]

[ 2016-04-16T14:49:29+08:00 ] ::1 /index.php/Home/Index/index.html
INFO: [ app_init ] --START--
INFO: Run Behavior\BuildLiteBehavior [ RunTime:0.000078s ]
INFO: [ app_init ] --END-- [ RunTime:0.002457s ]
INFO: [ app_begin ] --START--
INFO: Run Behavior\ReadHtmlCacheBehavior [ RunTime:0.002209s ]
INFO: [ app_begin ] --END-- [ RunTime:0.002633s ]
SQL: SHOW COLUMNS FROM `whg_users` [ RunTime:0.0383s ]
SQL: SELECT `userid`,`loginnum` FROM `whg_users` WHERE `userid` = 6 LIMIT 1   [ RunTime:0.0009s ]
SQL: SHOW COLUMNS FROM `whg_his_batty` [ RunTime:0.0146s ]
SQL: SELECT `syspressure`,`soc`,`battery`,`range`,`tempmax`,`tempmin`,`voltagemax`,`voltagemin`,`faultevent`,`faulttime`,`recordtime` FROM `whg_his_batty` WHERE `userid` = 6  [ RunTime:0.0012s ]
INFO: [ view_parse ] --START--
INFO: [ template_filter ] --START--
INFO: Run Behavior\ContentReplaceBehavior [ RunTime:0.000357s ]
INFO: [ template_filter ] --END-- [ RunTime:0.000639s ]
INFO: Run Behavior\ParseTemplateBehavior [ RunTime:0.123739s ]
INFO: [ view_parse ] --END-- [ RunTime:0.124172s ]
INFO: [ view_filter ] --START--
INFO: Run Behavior\WriteHtmlCacheBehavior [ RunTime:0.001190s ]
INFO: [ view_filter ] --END-- [ RunTime:0.001889s ]
INFO: [ app_end ] --START--
INFO: Run Behavior\ShowPageTraceBehavior [ RunTime:0.001554s ]
INFO: [ app_end ] --END-- [ RunTime:0.001944s ]

[ 2016-04-16T14:56:54+08:00 ] ::1 /index.php/Home/Index/battery_detail.html
INFO: [ app_init ] --START--
INFO: Run Behavior\BuildLiteBehavior [ RunTime:0.000072s ]
INFO: [ app_init ] --END-- [ RunTime:0.001089s ]
INFO: [ app_begin ] --START--
INFO: Run Behavior\ReadHtmlCacheBehavior [ RunTime:0.003316s ]
INFO: [ app_begin ] --END-- [ RunTime:0.003757s ]
INFO: [ view_parse ] --START--
INFO: [ template_filter ] --START--
INFO: Run Behavior\ContentReplaceBehavior [ RunTime:0.000414s ]
INFO: [ template_filter ] --END-- [ RunTime:0.000779s ]
INFO: Run Behavior\ParseTemplateBehavior [ RunTime:0.051213s ]
INFO: [ view_parse ] --END-- [ RunTime:0.051626s ]
INFO: [ view_filter ] --START--
INFO: Run Behavior\WriteHtmlCacheBehavior [ RunTime:0.000907s ]
INFO: [ view_filter ] --END-- [ RunTime:0.001230s ]
INFO: [ app_end ] --START--
INFO: Run Behavior\ShowPageTraceBehavior [ RunTime:0.001216s ]
INFO: [ app_end ] --END-- [ RunTime:0.003532s ]

[ 2016-04-16T15:12:11+08:00 ] ::1 /index.php/Home/Index/index.html
INFO: [ app_init ] --START--
INFO: Run Behavior\BuildLiteBehavior [ RunTime:0.000085s ]
INFO: [ app_init ] --END-- [ RunTime:0.002077s ]
INFO: [ app_begin ] --START--
INFO: Run Behavior\ReadHtmlCacheBehavior [ RunTime:0.002456s ]
INFO: [ app_begin ] --END-- [ RunTime:0.003168s ]
SQL: SHOW COLUMNS FROM `whg_users` [ RunTime:0.0346s ]
SQL: SELECT `userid`,`loginnum` FROM `whg_users` WHERE `userid` = 6 LIMIT 1   [ RunTime:0.0009s ]
SQL: SHOW COLUMNS FROM `whg_his_batty` [ RunTime:0.0169s ]
SQL: SELECT `syspressure`,`soc`,`battery`,`range`,`tempmax`,`tempmin`,`voltagemax`,`voltagemin`,`faultevent`,`faulttime`,`recordtime` FROM `whg_his_batty` WHERE `userid` = 6  [ RunTime:0.0008s ]
INFO: [ view_parse ] --START--
INFO: [ template_filter ] --START--
INFO: Run Behavior\ContentReplaceBehavior [ RunTime:0.000778s ]
INFO: [ template_filter ] --END-- [ RunTime:0.001278s ]
INFO: Run Behavior\ParseTemplateBehavior [ RunTime:0.140839s ]
INFO: [ view_parse ] --END-- [ RunTime:0.141286s ]
INFO: [ view_filter ] --START--
INFO: Run Behavior\WriteHtmlCacheBehavior [ RunTime:0.001901s ]
INFO: [ view_filter ] --END-- [ RunTime:0.002376s ]
INFO: [ app_end ] --START--
INFO: Run Behavior\ShowPageTraceBehavior [ RunTime:0.020761s ]
INFO: [ app_end ] --END-- [ RunTime:0.021219s ]

[ 2016-04-16T15:13:53+08:00 ] ::1 /index.php/Home/Index/index.html
INFO: [ app_init ] --START--
INFO: Run Behavior\BuildLiteBehavior [ RunTime:0.000079s ]
INFO: [ app_init ] --END-- [ RunTime:0.001168s ]
INFO: [ app_begin ] --START--
INFO: Run Behavior\ReadHtmlCacheBehavior [ RunTime:0.003274s ]
INFO: [ app_begin ] --END-- [ RunTime:0.003707s ]
SQL: SHOW COLUMNS FROM `whg_users` [ RunTime:0.0225s ]
SQL: SELECT `userid`,`loginnum` FROM `whg_users` WHERE `userid` = 6 LIMIT 1   [ RunTime:0.0004s ]
SQL: SHOW COLUMNS FROM `whg_his_batty` [ RunTime:0.0165s ]
SQL: SELECT `syspressure`,`soc`,`battery`,`range`,`tempmax`,`tempmin`,`voltagemax`,`voltagemin`,`faultevent`,`faulttime`,`recordtime` FROM `whg_his_batty` WHERE `userid` = 6  [ RunTime:0.0010s ]
INFO: [ view_parse ] --START--
INFO: [ template_filter ] --START--
INFO: Run Behavior\ContentReplaceBehavior [ RunTime:0.000900s ]
INFO: [ template_filter ] --END-- [ RunTime:0.001331s ]
INFO: Run Behavior\ParseTemplateBehavior [ RunTime:0.085593s ]
INFO: [ view_parse ] --END-- [ RunTime:0.086172s ]
INFO: [ view_filter ] --START--
INFO: Run Behavior\WriteHtmlCacheBehavior [ RunTime:0.001456s ]
INFO: [ view_filter ] --END-- [ RunTime:0.001937s ]
INFO: [ app_end ] --START--
INFO: Run Behavior\ShowPageTraceBehavior [ RunTime:0.002510s ]
INFO: [ app_end ] --END-- [ RunTime:0.002995s ]

[ 2016-04-16T15:14:42+08:00 ] ::1 /index.php/Home/Index/index.html
INFO: [ app_init ] --START--
INFO: Run Behavior\BuildLiteBehavior [ RunTime:0.000080s ]
INFO: [ app_init ] --END-- [ RunTime:0.001441s ]
INFO: [ app_begin ] --START--
INFO: Run Behavior\ReadHtmlCacheBehavior [ RunTime:0.001522s ]
INFO: [ app_begin ] --END-- [ RunTime:0.001945s ]
SQL: SHOW COLUMNS FROM `whg_users` [ RunTime:0.0204s ]
SQL: SELECT `userid`,`loginnum` FROM `whg_users` WHERE `userid` = 6 LIMIT 1   [ RunTime:0.0005s ]
SQL: SHOW COLUMNS FROM `whg_his_batty` [ RunTime:0.0159s ]
SQL: SELECT `syspressure`,`soc`,`battery`,`range`,`tempmax`,`tempmin`,`voltagemax`,`voltagemin`,`faultevent`,`faulttime`,`recordtime` FROM `whg_his_batty` WHERE `userid` = 6  [ RunTime:0.0010s ]
INFO: [ view_parse ] --START--
INFO: [ template_filter ] --START--
INFO: Run Behavior\ContentReplaceBehavior [ RunTime:0.000482s ]
INFO: [ template_filter ] --END-- [ RunTime:0.001186s ]
INFO: Run Behavior\ParseTemplateBehavior [ RunTime:0.081782s ]
INFO: [ view_parse ] --END-- [ RunTime:0.082275s ]
INFO: [ view_filter ] --START--
INFO: Run Behavior\WriteHtmlCacheBehavior [ RunTime:0.001089s ]
INFO: [ view_filter ] --END-- [ RunTime:0.001497s ]
INFO: [ app_end ] --START--
INFO: Run Behavior\ShowPageTraceBehavior [ RunTime:0.001929s ]
INFO: [ app_end ] --END-- [ RunTime:0.003295s ]

[ 2016-04-16T15:15:24+08:00 ] ::1 /index.php/Home/Index/index.html
INFO: [ app_init ] --START--
INFO: Run Behavior\BuildLiteBehavior [ RunTime:0.000080s ]
INFO: [ app_init ] --END-- [ RunTime:0.001106s ]
INFO: [ app_begin ] --START--
INFO: Run Behavior\ReadHtmlCacheBehavior [ RunTime:0.001547s ]
INFO: [ app_begin ] --END-- [ RunTime:0.001929s ]
SQL: SHOW COLUMNS FROM `whg_users` [ RunTime:0.0355s ]
SQL: SELECT `userid`,`loginnum` FROM `whg_users` WHERE `userid` = 6 LIMIT 1   [ RunTime:0.0016s ]
SQL: SHOW COLUMNS FROM `whg_his_batty` [ RunTime:0.0142s ]
SQL: SELECT `syspressure`,`soc`,`battery`,`range`,`tempmax`,`tempmin`,`voltagemax`,`voltagemin`,`faultevent`,`faulttime`,`recordtime` FROM `whg_his_batty` WHERE `userid` = 6  [ RunTime:0.0011s ]
INFO: [ view_parse ] --START--
INFO: [ template_filter ] --START--
INFO: Run Behavior\ContentReplaceBehavior [ RunTime:0.000404s ]
INFO: [ template_filter ] --END-- [ RunTime:0.000717s ]
INFO: Run Behavior\ParseTemplateBehavior [ RunTime:0.098917s ]
INFO: [ view_parse ] --END-- [ RunTime:0.099301s ]
INFO: [ view_filter ] --START--
INFO: Run Behavior\WriteHtmlCacheBehavior [ RunTime:0.001758s ]
INFO: [ view_filter ] --END-- [ RunTime:0.002410s ]
INFO: [ app_end ] --START--
INFO: Run Behavior\ShowPageTraceBehavior [ RunTime:0.015351s ]
INFO: [ app_end ] --END-- [ RunTime:0.015805s ]

[ 2016-04-16T15:16:29+08:00 ] ::1 /index.php/Home/Index/index.html
INFO: [ app_init ] --START--
INFO: Run Behavior\BuildLiteBehavior [ RunTime:0.000071s ]
INFO: [ app_init ] --END-- [ RunTime:0.001060s ]
INFO: [ app_begin ] --START--
INFO: Run Behavior\ReadHtmlCacheBehavior [ RunTime:0.001497s ]
INFO: [ app_begin ] --END-- [ RunTime:0.001985s ]
SQL: SHOW COLUMNS FROM `whg_users` [ RunTime:0.0278s ]
SQL: SELECT `userid`,`loginnum` FROM `whg_users` WHERE `userid` = 6 LIMIT 1   [ RunTime:0.0006s ]
SQL: SHOW COLUMNS FROM `whg_his_batty` [ RunTime:0.0197s ]
SQL: SELECT `syspressure`,`soc`,`battery`,`range`,`tempmax`,`tempmin`,`voltagemax`,`voltagemin`,`faultevent`,`faulttime`,`recordtime` FROM `whg_his_batty` WHERE `userid` = 6  [ RunTime:0.0010s ]
INFO: [ view_parse ] --START--
INFO: [ template_filter ] --START--
INFO: Run Behavior\ContentReplaceBehavior [ RunTime:0.000472s ]
INFO: [ template_filter ] --END-- [ RunTime:0.000959s ]
INFO: Run Behavior\ParseTemplateBehavior [ RunTime:0.095543s ]
INFO: [ view_parse ] --END-- [ RunTime:0.095972s ]
INFO: [ view_filter ] --START--
INFO: Run Behavior\WriteHtmlCacheBehavior [ RunTime:0.001361s ]
INFO: [ view_filter ] --END-- [ RunTime:0.001797s ]
INFO: [ app_end ] --START--
INFO: Run Behavior\ShowPageTraceBehavior [ RunTime:0.001542s ]
INFO: [ app_end ] --END-- [ RunTime:0.001999s ]

[ 2016-04-16T15:18:51+08:00 ] ::1 /index.php/Home/Index/index.html
INFO: [ app_init ] --START--
INFO: Run Behavior\BuildLiteBehavior [ RunTime:0.000071s ]
INFO: [ app_init ] --END-- [ RunTime:0.002994s ]
INFO: [ app_begin ] --START--
INFO: Run Behavior\ReadHtmlCacheBehavior [ RunTime:0.001936s ]
INFO: [ app_begin ] --END-- [ RunTime:0.002337s ]
SQL: SHOW COLUMNS FROM `whg_users` [ RunTime:0.0278s ]
SQL: SELECT `userid`,`loginnum` FROM `whg_users` WHERE `userid` = 6 LIMIT 1   [ RunTime:0.0007s ]
SQL: SHOW COLUMNS FROM `whg_his_batty` [ RunTime:0.0156s ]
SQL: SELECT `syspressure`,`soc`,`battery`,`range`,`tempmax`,`tempmin`,`voltagemax`,`voltagemin`,`faultevent`,`faulttime`,`recordtime` FROM `whg_his_batty` WHERE `userid` = 6  [ RunTime:0.0007s ]
INFO: [ view_parse ] --START--
INFO: [ template_filter ] --START--
INFO: Run Behavior\ContentReplaceBehavior [ RunTime:0.000346s ]
INFO: [ template_filter ] --END-- [ RunTime:0.000726s ]
INFO: Run Behavior\ParseTemplateBehavior [ RunTime:0.104372s ]
INFO: [ view_parse ] --END-- [ RunTime:0.104817s ]
INFO: [ view_filter ] --START--
INFO: Run Behavior\WriteHtmlCacheBehavior [ RunTime:0.001203s ]
INFO: [ view_filter ] --END-- [ RunTime:0.001611s ]
INFO: [ app_end ] --START--
INFO: Run Behavior\ShowPageTraceBehavior [ RunTime:0.001656s ]
INFO: [ app_end ] --END-- [ RunTime:0.002143s ]

[ 2016-04-16T15:23:25+08:00 ] ::1 /index.php/Home/Index/index.html
INFO: [ app_init ] --START--
INFO: Run Behavior\BuildLiteBehavior [ RunTime:0.000080s ]
INFO: [ app_init ] --END-- [ RunTime:0.001267s ]
INFO: [ app_begin ] --START--
INFO: Run Behavior\ReadHtmlCacheBehavior [ RunTime:0.001844s ]
INFO: [ app_begin ] --END-- [ RunTime:0.002230s ]
SQL: SHOW COLUMNS FROM `whg_users` [ RunTime:0.0267s ]
SQL: SELECT `userid`,`loginnum` FROM `whg_users` WHERE `userid` = 6 LIMIT 1   [ RunTime:0.0005s ]
SQL: SHOW COLUMNS FROM `whg_his_batty` [ RunTime:0.0174s ]
SQL: SELECT `syspressure`,`soc`,`battery`,`range`,`tempmax`,`tempmin`,`voltagemax`,`voltagemin`,`faultevent`,`faulttime`,`recordtime` FROM `whg_his_batty` WHERE `userid` = 6  [ RunTime:0.0008s ]
INFO: [ view_parse ] --START--
INFO: [ template_filter ] --START--
INFO: Run Behavior\ContentReplaceBehavior [ RunTime:0.000448s ]
INFO: [ template_filter ] --END-- [ RunTime:0.000871s ]
INFO: Run Behavior\ParseTemplateBehavior [ RunTime:0.101913s ]
INFO: [ view_parse ] --END-- [ RunTime:0.102483s ]
INFO: [ view_filter ] --START--
INFO: Run Behavior\WriteHtmlCacheBehavior [ RunTime:0.001205s ]
INFO: [ view_filter ] --END-- [ RunTime:0.001651s ]
INFO: [ app_end ] --START--
INFO: Run Behavior\ShowPageTraceBehavior [ RunTime:0.001662s ]
INFO: [ app_end ] --END-- [ RunTime:0.003203s ]

[ 2016-04-16T15:24:42+08:00 ] ::1 /index.php/Home/Index/index.html
INFO: [ app_init ] --START--
INFO: Run Behavior\BuildLiteBehavior [ RunTime:0.000080s ]
INFO: [ app_init ] --END-- [ RunTime:0.001630s ]
INFO: [ app_begin ] --START--
INFO: Run Behavior\ReadHtmlCacheBehavior [ RunTime:0.006664s ]
INFO: [ app_begin ] --END-- [ RunTime:0.007457s ]
SQL: SHOW COLUMNS FROM `whg_users` [ RunTime:0.0700s ]
SQL: SELECT `userid`,`loginnum` FROM `whg_users` WHERE `userid` = 6 LIMIT 1   [ RunTime:0.0006s ]
SQL: SHOW COLUMNS FROM `whg_his_batty` [ RunTime:0.0325s ]
SQL: SELECT `syspressure`,`soc`,`battery`,`range`,`tempmax`,`tempmin`,`voltagemax`,`voltagemin`,`faultevent`,`faulttime`,`recordtime` FROM `whg_his_batty` WHERE `userid` = 6  [ RunTime:0.0014s ]
INFO: [ view_parse ] --START--
INFO: [ template_filter ] --START--
INFO: Run Behavior\ContentReplaceBehavior [ RunTime:0.000679s ]
INFO: [ template_filter ] --END-- [ RunTime:0.003502s ]
INFO: Run Behavior\ParseTemplateBehavior [ RunTime:0.146831s ]
INFO: [ view_parse ] --END-- [ RunTime:0.147236s ]
INFO: [ view_filter ] --START--
INFO: Run Behavior\WriteHtmlCacheBehavior [ RunTime:0.001809s ]
INFO: [ view_filter ] --END-- [ RunTime:0.002300s ]
INFO: [ app_end ] --START--
INFO: Run Behavior\ShowPageTraceBehavior [ RunTime:0.001693s ]
INFO: [ app_end ] --END-- [ RunTime:0.002302s ]

[ 2016-04-16T15:25:49+08:00 ] ::1 /index.php/Home/Index/index.html
INFO: [ app_init ] --START--
INFO: Run Behavior\BuildLiteBehavior [ RunTime:0.000073s ]
INFO: [ app_init ] --END-- [ RunTime:0.001119s ]
INFO: [ app_begin ] --START--
INFO: Run Behavior\ReadHtmlCacheBehavior [ RunTime:0.002272s ]
INFO: [ app_begin ] --END-- [ RunTime:0.002977s ]
SQL: SHOW COLUMNS FROM `whg_users` [ RunTime:0.0815s ]
SQL: SELECT `userid`,`loginnum` FROM `whg_users` WHERE `userid` = 6 LIMIT 1   [ RunTime:0.0011s ]
SQL: SHOW COLUMNS FROM `whg_his_batty` [ RunTime:0.0395s ]
SQL: SELECT `syspressure`,`soc`,`battery`,`range`,`tempmax`,`tempmin`,`voltagemax`,`voltagemin`,`faultevent`,`faulttime`,`recordtime` FROM `whg_his_batty` WHERE `userid` = 6  [ RunTime:0.0024s ]
INFO: [ view_parse ] --START--
INFO: [ template_filter ] --START--
INFO: Run Behavior\ContentReplaceBehavior [ RunTime:0.000464s ]
INFO: [ template_filter ] --END-- [ RunTime:0.000894s ]
INFO: Run Behavior\ParseTemplateBehavior [ RunTime:0.130624s ]
INFO: [ view_parse ] --END-- [ RunTime:0.131094s ]
INFO: [ view_filter ] --START--
INFO: Run Behavior\WriteHtmlCacheBehavior [ RunTime:0.002724s ]
INFO: [ view_filter ] --END-- [ RunTime:0.003368s ]
INFO: [ app_end ] --START--
INFO: Run Behavior\ShowPageTraceBehavior [ RunTime:0.004712s ]
INFO: [ app_end ] --END-- [ RunTime:0.005160s ]

[ 2016-04-16T15:26:14+08:00 ] ::1 /index.php/Home/Index/index.html
INFO: [ app_init ] --START--
INFO: Run Behavior\BuildLiteBehavior [ RunTime:0.000091s ]
INFO: [ app_init ] --END-- [ RunTime:0.001375s ]
INFO: [ app_begin ] --START--
INFO: Run Behavior\ReadHtmlCacheBehavior [ RunTime:0.011444s ]
INFO: [ app_begin ] --END-- [ RunTime:0.012180s ]
SQL: SHOW COLUMNS FROM `whg_users` [ RunTime:0.0517s ]
SQL: SELECT `userid`,`loginnum` FROM `whg_users` WHERE `userid` = 6 LIMIT 1   [ RunTime:0.0031s ]
SQL: SHOW COLUMNS FROM `whg_his_batty` [ RunTime:0.0567s ]
SQL: SELECT `syspressure`,`soc`,`battery`,`range`,`tempmax`,`tempmin`,`voltagemax`,`voltagemin`,`faultevent`,`faulttime`,`recordtime` FROM `whg_his_batty` WHERE `userid` = 6  [ RunTime:0.0009s ]
INFO: [ view_parse ] --START--
INFO: [ template_filter ] --START--
INFO: Run Behavior\ContentReplaceBehavior [ RunTime:0.000654s ]
INFO: [ template_filter ] --END-- [ RunTime:0.001113s ]
INFO: Run Behavior\ParseTemplateBehavior [ RunTime:0.169565s ]
INFO: [ view_parse ] --END-- [ RunTime:0.170104s ]
INFO: [ view_filter ] --START--
INFO: Run Behavior\WriteHtmlCacheBehavior [ RunTime:0.001319s ]
INFO: [ view_filter ] --END-- [ RunTime:0.001710s ]
INFO: [ app_end ] --START--
INFO: Run Behavior\ShowPageTraceBehavior [ RunTime:0.001763s ]
INFO: [ app_end ] --END-- [ RunTime:0.002216s ]

[ 2016-04-16T15:28:50+08:00 ] ::1 /index.php/Home/Index/index.html
INFO: [ app_init ] --START--
INFO: Run Behavior\BuildLiteBehavior [ RunTime:0.000074s ]
INFO: [ app_init ] --END-- [ RunTime:0.003233s ]
INFO: [ app_begin ] --START--
INFO: Run Behavior\ReadHtmlCacheBehavior [ RunTime:0.002256s ]
INFO: [ app_begin ] --END-- [ RunTime:0.002687s ]
SQL: SHOW COLUMNS FROM `whg_users` [ RunTime:0.0861s ]
SQL: SELECT `userid`,`loginnum` FROM `whg_users` WHERE `userid` = 6 LIMIT 1   [ RunTime:0.0039s ]
SQL: SHOW COLUMNS FROM `whg_his_batty` [ RunTime:0.0838s ]
SQL: SELECT `syspressure`,`soc`,`battery`,`range`,`tempmax`,`tempmin`,`voltagemax`,`voltagemin`,`faultevent`,`faulttime`,`recordtime` FROM `whg_his_batty` WHERE `userid` = 6  [ RunTime:0.0007s ]
INFO: [ view_parse ] --START--
INFO: [ template_filter ] --START--
INFO: Run Behavior\ContentReplaceBehavior [ RunTime:0.000399s ]
INFO: [ template_filter ] --END-- [ RunTime:0.000888s ]
INFO: Run Behavior\ParseTemplateBehavior [ RunTime:0.271009s ]
INFO: [ view_parse ] --END-- [ RunTime:0.271446s ]
INFO: [ view_filter ] --START--
INFO: Run Behavior\WriteHtmlCacheBehavior [ RunTime:0.001204s ]
INFO: [ view_filter ] --END-- [ RunTime:0.001607s ]
INFO: [ app_end ] --START--
INFO: Run Behavior\ShowPageTraceBehavior [ RunTime:0.002194s ]
INFO: [ app_end ] --END-- [ RunTime:0.002931s ]

[ 2016-04-16T15:32:06+08:00 ] ::1 /index.php/Home/Index/index.html
INFO: [ app_init ] --START--
INFO: Run Behavior\BuildLiteBehavior [ RunTime:0.000123s ]
INFO: [ app_init ] --END-- [ RunTime:0.001607s ]
INFO: [ app_begin ] --START--
INFO: Run Behavior\ReadHtmlCacheBehavior [ RunTime:0.001675s ]
INFO: [ app_begin ] --END-- [ RunTime:0.002136s ]
SQL: SHOW COLUMNS FROM `whg_users` [ RunTime:0.0331s ]
SQL: SELECT `userid`,`loginnum` FROM `whg_users` WHERE `userid` = 6 LIMIT 1   [ RunTime:0.0006s ]
SQL: SHOW COLUMNS FROM `whg_his_batty` [ RunTime:0.0442s ]
SQL: SELECT `syspressure`,`soc`,`battery`,`range`,`tempmax`,`tempmin`,`voltagemax`,`voltagemin`,`faultevent`,`faulttime`,`recordtime` FROM `whg_his_batty` WHERE `userid` = 6  [ RunTime:0.0009s ]
INFO: [ view_parse ] --START--
INFO: [ template_filter ] --START--
INFO: Run Behavior\ContentReplaceBehavior [ RunTime:0.000469s ]
INFO: [ template_filter ] --END-- [ RunTime:0.001542s ]
INFO: Run Behavior\ParseTemplateBehavior [ RunTime:0.210861s ]
INFO: [ view_parse ] --END-- [ RunTime:0.211868s ]
INFO: [ view_filter ] --START--
INFO: Run Behavior\WriteHtmlCacheBehavior [ RunTime:0.004583s ]
INFO: [ view_filter ] --END-- [ RunTime:0.005292s ]
INFO: [ app_end ] --START--
INFO: Run Behavior\ShowPageTraceBehavior [ RunTime:0.003285s ]
INFO: [ app_end ] --END-- [ RunTime:0.009220s ]

[ 2016-04-16T15:34:03+08:00 ] ::1 /index.php/Home/Index/index.html
INFO: [ app_init ] --START--
INFO: Run Behavior\BuildLiteBehavior [ RunTime:0.000118s ]
INFO: [ app_init ] --END-- [ RunTime:0.003193s ]
INFO: [ app_begin ] --START--
INFO: Run Behavior\ReadHtmlCacheBehavior [ RunTime:0.008066s ]
INFO: [ app_begin ] --END-- [ RunTime:0.008456s ]
SQL: SHOW COLUMNS FROM `whg_users` [ RunTime:0.0501s ]
SQL: SELECT `userid`,`loginnum` FROM `whg_users` WHERE `userid` = 6 LIMIT 1   [ RunTime:0.0009s ]
SQL: SHOW COLUMNS FROM `whg_his_batty` [ RunTime:0.0266s ]
SQL: SELECT `syspressure`,`soc`,`battery`,`range`,`tempmax`,`tempmin`,`voltagemax`,`voltagemin`,`faultevent`,`faulttime`,`recordtime` FROM `whg_his_batty` WHERE `userid` = 6  [ RunTime:0.0008s ]
INFO: [ view_parse ] --START--
INFO: [ template_filter ] --START--
INFO: Run Behavior\ContentReplaceBehavior [ RunTime:0.000681s ]
INFO: [ template_filter ] --END-- [ RunTime:0.001087s ]
INFO: Run Behavior\ParseTemplateBehavior [ RunTime:0.346962s ]
INFO: [ view_parse ] --END-- [ RunTime:0.347330s ]
INFO: [ view_filter ] --START--
INFO: Run Behavior\WriteHtmlCacheBehavior [ RunTime:0.001347s ]
INFO: [ view_filter ] --END-- [ RunTime:0.001740s ]
INFO: [ app_end ] --START--
INFO: Run Behavior\ShowPageTraceBehavior [ RunTime:0.002988s ]
INFO: [ app_end ] --END-- [ RunTime:0.003603s ]

[ 2016-04-16T15:36:13+08:00 ] ::1 /index.php/Home/Index/index.html
INFO: [ app_init ] --START--
INFO: Run Behavior\BuildLiteBehavior [ RunTime:0.000070s ]
INFO: [ app_init ] --END-- [ RunTime:0.001120s ]
INFO: [ app_begin ] --START--
INFO: Run Behavior\ReadHtmlCacheBehavior [ RunTime:0.001495s ]
INFO: [ app_begin ] --END-- [ RunTime:0.002200s ]
SQL: SHOW COLUMNS FROM `whg_users` [ RunTime:0.0285s ]
SQL: SELECT `userid`,`loginnum` FROM `whg_users` WHERE `userid` = 6 LIMIT 1   [ RunTime:0.0005s ]
SQL: SHOW COLUMNS FROM `whg_his_batty` [ RunTime:0.0154s ]
SQL: SELECT `syspressure`,`soc`,`battery`,`range`,`tempmax`,`tempmin`,`voltagemax`,`voltagemin`,`faultevent`,`faulttime`,`recordtime` FROM `whg_his_batty` WHERE `userid` = 6  [ RunTime:0.0012s ]
INFO: [ view_parse ] --START--
INFO: [ template_filter ] --START--
INFO: Run Behavior\ContentReplaceBehavior [ RunTime:0.000550s ]
INFO: [ template_filter ] --END-- [ RunTime:0.000982s ]
INFO: Run Behavior\ParseTemplateBehavior [ RunTime:0.089747s ]
INFO: [ view_parse ] --END-- [ RunTime:0.090158s ]
INFO: [ view_filter ] --START--
INFO: Run Behavior\WriteHtmlCacheBehavior [ RunTime:0.001753s ]
INFO: [ view_filter ] --END-- [ RunTime:0.002179s ]
INFO: [ app_end ] --START--
INFO: Run Behavior\ShowPageTraceBehavior [ RunTime:0.003132s ]
INFO: [ app_end ] --END-- [ RunTime:0.003652s ]

[ 2016-04-16T15:38:17+08:00 ] ::1 /index.php/Home/Index/index.html
INFO: [ app_init ] --START--
INFO: Run Behavior\BuildLiteBehavior [ RunTime:0.000083s ]
INFO: [ app_init ] --END-- [ RunTime:0.001214s ]
INFO: [ app_begin ] --START--
INFO: Run Behavior\ReadHtmlCacheBehavior [ RunTime:0.006365s ]
INFO: [ app_begin ] --END-- [ RunTime:0.006773s ]
SQL: SHOW COLUMNS FROM `whg_users` [ RunTime:0.0235s ]
SQL: SELECT `userid`,`loginnum` FROM `whg_users` WHERE `userid` = 6 LIMIT 1   [ RunTime:0.0009s ]
SQL: SHOW COLUMNS FROM `whg_his_batty` [ RunTime:0.0194s ]
SQL: SELECT `syspressure`,`soc`,`battery`,`range`,`tempmax`,`tempmin`,`voltagemax`,`voltagemin`,`faultevent`,`faulttime`,`recordtime` FROM `whg_his_batty` WHERE `userid` = 6  [ RunTime:0.0007s ]
INFO: [ view_parse ] --START--
INFO: [ template_filter ] --START--
INFO: Run Behavior\ContentReplaceBehavior [ RunTime:0.000773s ]
INFO: [ template_filter ] --END-- [ RunTime:0.002686s ]
INFO: Run Behavior\ParseTemplateBehavior [ RunTime:0.144659s ]
INFO: [ view_parse ] --END-- [ RunTime:0.145104s ]
INFO: [ view_filter ] --START--
INFO: Run Behavior\WriteHtmlCacheBehavior [ RunTime:0.001235s ]
INFO: [ view_filter ] --END-- [ RunTime:0.001635s ]
INFO: [ app_end ] --START--
INFO: Run Behavior\ShowPageTraceBehavior [ RunTime:0.001789s ]
INFO: [ app_end ] --END-- [ RunTime:0.002224s ]

[ 2016-04-16T15:39:39+08:00 ] ::1 /index.php/Home/Index/index.html
INFO: [ app_init ] --START--
INFO: Run Behavior\BuildLiteBehavior [ RunTime:0.000138s ]
INFO: [ app_init ] --END-- [ RunTime:0.001239s ]
INFO: [ app_begin ] --START--
INFO: Run Behavior\ReadHtmlCacheBehavior [ RunTime:0.001914s ]
INFO: [ app_begin ] --END-- [ RunTime:0.002573s ]
SQL: SHOW COLUMNS FROM `whg_users` [ RunTime:0.0445s ]
SQL: SELECT `userid`,`loginnum` FROM `whg_users` WHERE `userid` = 6 LIMIT 1   [ RunTime:0.0009s ]
SQL: SHOW COLUMNS FROM `whg_his_batty` [ RunTime:0.0167s ]
SQL: SELECT `syspressure`,`soc`,`battery`,`range`,`tempmax`,`tempmin`,`voltagemax`,`voltagemin`,`faultevent`,`faulttime`,`recordtime` FROM `whg_his_batty` WHERE `userid` = 6  [ RunTime:0.0008s ]
INFO: [ view_parse ] --START--
INFO: [ template_filter ] --START--
INFO: Run Behavior\ContentReplaceBehavior [ RunTime:0.000557s ]
INFO: [ template_filter ] --END-- [ RunTime:0.001018s ]
INFO: Run Behavior\ParseTemplateBehavior [ RunTime:0.098836s ]
INFO: [ view_parse ] --END-- [ RunTime:0.099361s ]
INFO: [ view_filter ] --START--
INFO: Run Behavior\WriteHtmlCacheBehavior [ RunTime:0.000968s ]
INFO: [ view_filter ] --END-- [ RunTime:0.001218s ]
INFO: [ app_end ] --START--
INFO: Run Behavior\ShowPageTraceBehavior [ RunTime:0.001642s ]
INFO: [ app_end ] --END-- [ RunTime:0.003227s ]

[ 2016-04-16T15:41:01+08:00 ] ::1 /index.php/Home/Index/index.html
INFO: [ app_init ] --START--
INFO: Run Behavior\BuildLiteBehavior [ RunTime:0.000169s ]
INFO: [ app_init ] --END-- [ RunTime:0.001435s ]
INFO: [ app_begin ] --START--
INFO: Run Behavior\ReadHtmlCacheBehavior [ RunTime:0.002608s ]
INFO: [ app_begin ] --END-- [ RunTime:0.003067s ]
SQL: SHOW COLUMNS FROM `whg_users` [ RunTime:0.0229s ]
SQL: SELECT `userid`,`loginnum` FROM `whg_users` WHERE `userid` = 6 LIMIT 1   [ RunTime:0.0006s ]
SQL: SHOW COLUMNS FROM `whg_his_batty` [ RunTime:0.0168s ]
SQL: SELECT `syspressure`,`soc`,`battery`,`range`,`tempmax`,`tempmin`,`voltagemax`,`voltagemin`,`faultevent`,`faulttime`,`recordtime` FROM `whg_his_batty` WHERE `userid` = 6  [ RunTime:0.0011s ]
INFO: [ view_parse ] --START--
INFO: [ template_filter ] --START--
INFO: Run Behavior\ContentReplaceBehavior [ RunTime:0.000555s ]
INFO: [ template_filter ] --END-- [ RunTime:0.001000s ]
INFO: Run Behavior\ParseTemplateBehavior [ RunTime:0.052381s ]
INFO: [ view_parse ] --END-- [ RunTime:0.052797s ]
INFO: [ view_filter ] --START--
INFO: Run Behavior\WriteHtmlCacheBehavior [ RunTime:0.001282s ]
INFO: [ view_filter ] --END-- [ RunTime:0.001679s ]
INFO: [ app_end ] --START--
INFO: Run Behavior\ShowPageTraceBehavior [ RunTime:0.001941s ]
INFO: [ app_end ] --END-- [ RunTime:0.002382s ]

[ 2016-04-16T15:41:34+08:00 ] ::1 /index.php/Home/Index/index.html
INFO: [ app_init ] --START--
INFO: Run Behavior\BuildLiteBehavior [ RunTime:0.000080s ]
INFO: [ app_init ] --END-- [ RunTime:0.008144s ]
INFO: [ app_begin ] --START--
INFO: Run Behavior\ReadHtmlCacheBehavior [ RunTime:0.001703s ]
INFO: [ app_begin ] --END-- [ RunTime:0.002205s ]
SQL: SHOW COLUMNS FROM `whg_users` [ RunTime:0.0221s ]
SQL: SELECT `userid`,`loginnum` FROM `whg_users` WHERE `userid` = 6 LIMIT 1   [ RunTime:0.0007s ]
SQL: SHOW COLUMNS FROM `whg_his_batty` [ RunTime:0.0194s ]
SQL: SELECT `syspressure`,`soc`,`battery`,`range`,`tempmax`,`tempmin`,`voltagemax`,`voltagemin`,`faultevent`,`faulttime`,`recordtime` FROM `whg_his_batty` WHERE `userid` = 6  [ RunTime:0.0007s ]
INFO: [ view_parse ] --START--
INFO: [ template_filter ] --START--
INFO: Run Behavior\ContentReplaceBehavior [ RunTime:0.000524s ]
INFO: [ template_filter ] --END-- [ RunTime:0.000981s ]
INFO: Run Behavior\ParseTemplateBehavior [ RunTime:0.057483s ]
INFO: [ view_parse ] --END-- [ RunTime:0.057920s ]
INFO: [ view_filter ] --START--
INFO: Run Behavior\WriteHtmlCacheBehavior [ RunTime:0.002108s ]
INFO: [ view_filter ] --END-- [ RunTime:0.002515s ]
INFO: [ app_end ] --START--
INFO: Run Behavior\ShowPageTraceBehavior [ RunTime:0.003862s ]
INFO: [ app_end ] --END-- [ RunTime:0.004693s ]

[ 2016-04-16T15:42:43+08:00 ] ::1 /index.php/Home/Index/index.html
INFO: [ app_init ] --START--
INFO: Run Behavior\BuildLiteBehavior [ RunTime:0.000076s ]
INFO: [ app_init ] --END-- [ RunTime:0.001178s ]
INFO: [ app_begin ] --START--
INFO: Run Behavior\ReadHtmlCacheBehavior [ RunTime:0.001618s ]
INFO: [ app_begin ] --END-- [ RunTime:0.002059s ]
SQL: SHOW COLUMNS FROM `whg_users` [ RunTime:0.0205s ]
SQL: SELECT `userid`,`loginnum` FROM `whg_users` WHERE `userid` = 6 LIMIT 1   [ RunTime:0.0007s ]
SQL: SHOW COLUMNS FROM `whg_his_batty` [ RunTime:0.0158s ]
SQL: SELECT `syspressure`,`soc`,`battery`,`range`,`tempmax`,`tempmin`,`voltagemax`,`voltagemin`,`faultevent`,`faulttime`,`recordtime` FROM `whg_his_batty` WHERE `userid` = 6  [ RunTime:0.0008s ]
INFO: [ view_parse ] --START--
INFO: [ template_filter ] --START--
INFO: Run Behavior\ContentReplaceBehavior [ RunTime:0.000691s ]
INFO: [ template_filter ] --END-- [ RunTime:0.001729s ]
INFO: Run Behavior\ParseTemplateBehavior [ RunTime:0.125944s ]
INFO: [ view_parse ] --END-- [ RunTime:0.126338s ]
INFO: [ view_filter ] --START--
INFO: Run Behavior\WriteHtmlCacheBehavior [ RunTime:0.001144s ]
INFO: [ view_filter ] --END-- [ RunTime:0.001510s ]
INFO: [ app_end ] --START--
INFO: Run Behavior\ShowPageTraceBehavior [ RunTime:0.018056s ]
INFO: [ app_end ] --END-- [ RunTime:0.018463s ]

[ 2016-04-16T15:44:57+08:00 ] ::1 /index.php/Home/Index/index.html
INFO: [ app_init ] --START--
INFO: Run Behavior\BuildLiteBehavior [ RunTime:0.000079s ]
INFO: [ app_init ] --END-- [ RunTime:0.003634s ]
INFO: [ app_begin ] --START--
INFO: Run Behavior\ReadHtmlCacheBehavior [ RunTime:0.002401s ]
INFO: [ app_begin ] --END-- [ RunTime:0.002827s ]
SQL: SHOW COLUMNS FROM `whg_users` [ RunTime:0.0311s ]
SQL: SELECT `userid`,`loginnum` FROM `whg_users` WHERE `userid` = 6 LIMIT 1   [ RunTime:0.0010s ]
SQL: SHOW COLUMNS FROM `whg_his_batty` [ RunTime:0.0237s ]
SQL: SELECT `syspressure`,`soc`,`battery`,`range`,`tempmax`,`tempmin`,`voltagemax`,`voltagemin`,`faultevent`,`faulttime`,`recordtime` FROM `whg_his_batty` WHERE `userid` = 6  [ RunTime:0.0007s ]
INFO: [ view_parse ] --START--
INFO: [ template_filter ] --START--
INFO: Run Behavior\ContentReplaceBehavior [ RunTime:0.000531s ]
INFO: [ template_filter ] --END-- [ RunTime:0.001229s ]
INFO: Run Behavior\ParseTemplateBehavior [ RunTime:0.205944s ]
INFO: [ view_parse ] --END-- [ RunTime:0.206364s ]
INFO: [ view_filter ] --START--
INFO: Run Behavior\WriteHtmlCacheBehavior [ RunTime:0.001246s ]
INFO: [ view_filter ] --END-- [ RunTime:0.001660s ]
INFO: [ app_end ] --START--
INFO: Run Behavior\ShowPageTraceBehavior [ RunTime:0.001811s ]
INFO: [ app_end ] --END-- [ RunTime:0.020385s ]

[ 2016-04-16T15:45:05+08:00 ] ::1 /index.php/Home/Index/battery_detail.html
INFO: [ app_init ] --START--
INFO: Run Behavior\BuildLiteBehavior [ RunTime:0.000064s ]
INFO: [ app_init ] --END-- [ RunTime:0.000895s ]
INFO: [ app_begin ] --START--
INFO: Run Behavior\ReadHtmlCacheBehavior [ RunTime:0.001099s ]
INFO: [ app_begin ] --END-- [ RunTime:0.001385s ]
INFO: [ view_parse ] --START--
INFO: [ template_filter ] --START--
INFO: Run Behavior\ContentReplaceBehavior [ RunTime:0.000221s ]
INFO: [ template_filter ] --END-- [ RunTime:0.000550s ]
INFO: Run Behavior\ParseTemplateBehavior [ RunTime:0.036624s ]
INFO: [ view_parse ] --END-- [ RunTime:0.039760s ]
INFO: [ view_filter ] --START--
INFO: Run Behavior\WriteHtmlCacheBehavior [ RunTime:0.001084s ]
INFO: [ view_filter ] --END-- [ RunTime:0.001394s ]
INFO: [ app_end ] --START--
INFO: Run Behavior\ShowPageTraceBehavior [ RunTime:0.001141s ]
INFO: [ app_end ] --END-- [ RunTime:0.001398s ]

[ 2016-04-16T15:46:21+08:00 ] ::1 /index.php/Home/Index/index.html
INFO: [ app_init ] --START--
INFO: Run Behavior\BuildLiteBehavior [ RunTime:0.000078s ]
INFO: [ app_init ] --END-- [ RunTime:0.001703s ]
INFO: [ app_begin ] --START--
INFO: Run Behavior\ReadHtmlCacheBehavior [ RunTime:0.001859s ]
INFO: [ app_begin ] --END-- [ RunTime:0.002546s ]
SQL: SHOW COLUMNS FROM `whg_users` [ RunTime:0.0313s ]
SQL: SELECT `userid`,`loginnum` FROM `whg_users` WHERE `userid` = 6 LIMIT 1   [ RunTime:0.0006s ]
SQL: SHOW COLUMNS FROM `whg_his_batty` [ RunTime:0.0234s ]
SQL: SELECT `syspressure`,`soc`,`battery`,`range`,`tempmax`,`tempmin`,`voltagemax`,`voltagemin`,`faultevent`,`faulttime`,`recordtime` FROM `whg_his_batty` WHERE `userid` = 6  [ RunTime:0.0008s ]
INFO: [ view_parse ] --START--
INFO: [ template_filter ] --START--
INFO: Run Behavior\ContentReplaceBehavior [ RunTime:0.000674s ]
INFO: [ template_filter ] --END-- [ RunTime:0.001067s ]
INFO: Run Behavior\ParseTemplateBehavior [ RunTime:0.143365s ]
INFO: [ view_parse ] --END-- [ RunTime:0.143809s ]
INFO: [ view_filter ] --START--
INFO: Run Behavior\WriteHtmlCacheBehavior [ RunTime:0.001230s ]
INFO: [ view_filter ] --END-- [ RunTime:0.001631s ]
INFO: [ app_end ] --START--
INFO: Run Behavior\ShowPageTraceBehavior [ RunTime:0.007745s ]
INFO: [ app_end ] --END-- [ RunTime:0.008139s ]

[ 2016-04-16T15:46:59+08:00 ] ::1 /index.php/Home/Index/index.html
INFO: [ app_init ] --START--
INFO: Run Behavior\BuildLiteBehavior [ RunTime:0.000082s ]
INFO: [ app_init ] --END-- [ RunTime:0.001189s ]
INFO: [ app_begin ] --START--
INFO: Run Behavior\ReadHtmlCacheBehavior [ RunTime:0.001569s ]
INFO: [ app_begin ] --END-- [ RunTime:0.002006s ]
SQL: SHOW COLUMNS FROM `whg_users` [ RunTime:0.0298s ]
SQL: SELECT `userid`,`loginnum` FROM `whg_users` WHERE `userid` = 6 LIMIT 1   [ RunTime:0.0009s ]
SQL: SHOW COLUMNS FROM `whg_his_batty` [ RunTime:0.0170s ]
SQL: SELECT `syspressure`,`soc`,`battery`,`range`,`tempmax`,`tempmin`,`voltagemax`,`voltagemin`,`faultevent`,`faulttime`,`recordtime` FROM `whg_his_batty` WHERE `userid` = 6  [ RunTime:0.0010s ]
INFO: [ view_parse ] --START--
INFO: [ template_filter ] --START--
INFO: Run Behavior\ContentReplaceBehavior [ RunTime:0.000852s ]
INFO: [ template_filter ] --END-- [ RunTime:0.001375s ]
INFO: Run Behavior\ParseTemplateBehavior [ RunTime:0.155403s ]
INFO: [ view_parse ] --END-- [ RunTime:0.155820s ]
INFO: [ view_filter ] --START--
INFO: Run Behavior\WriteHtmlCacheBehavior [ RunTime:0.001045s ]
INFO: [ view_filter ] --END-- [ RunTime:0.001450s ]
INFO: [ app_end ] --START--
INFO: Run Behavior\ShowPageTraceBehavior [ RunTime:0.002017s ]
INFO: [ app_end ] --END-- [ RunTime:0.002445s ]

[ 2016-04-16T15:47:14+08:00 ] ::1 /index.php/Home/Login/logout.html
INFO: [ app_init ] --START--
INFO: Run Behavior\BuildLiteBehavior [ RunTime:0.000715s ]
INFO: [ app_init ] --END-- [ RunTime:0.006533s ]
INFO: [ app_begin ] --START--
INFO: Run Behavior\ReadHtmlCacheBehavior [ RunTime:0.001110s ]
INFO: [ app_begin ] --END-- [ RunTime:0.001389s ]

[ 2016-04-16T15:47:16+08:00 ] ::1 /index.php/Home/Login/login.html
INFO: [ app_init ] --START--
INFO: Run Behavior\BuildLiteBehavior [ RunTime:0.000063s ]
INFO: [ app_init ] --END-- [ RunTime:0.001065s ]
INFO: [ app_begin ] --START--
INFO: Run Behavior\ReadHtmlCacheBehavior [ RunTime:0.001499s ]
INFO: [ app_begin ] --END-- [ RunTime:0.002035s ]
INFO: [ view_parse ] --START--
INFO: [ template_filter ] --START--
INFO: Run Behavior\ContentReplaceBehavior [ RunTime:0.000231s ]
INFO: [ template_filter ] --END-- [ RunTime:0.000515s ]
INFO: Run Behavior\ParseTemplateBehavior [ RunTime:0.020952s ]
INFO: [ view_parse ] --END-- [ RunTime:0.021309s ]
INFO: [ view_filter ] --START--
INFO: Run Behavior\WriteHtmlCacheBehavior [ RunTime:0.001130s ]
INFO: [ view_filter ] --END-- [ RunTime:0.001492s ]
INFO: [ app_end ] --START--
INFO: Run Behavior\ShowPageTraceBehavior [ RunTime:0.001104s ]
INFO: [ app_end ] --END-- [ RunTime:0.001647s ]

[ 2016-04-16T15:47:39+08:00 ] ::1 /index.php/Home/Login/testButton.html
INFO: [ app_init ] --START--
INFO: Run Behavior\BuildLiteBehavior [ RunTime:0.000056s ]
INFO: [ app_init ] --END-- [ RunTime:0.000833s ]
INFO: [ app_begin ] --START--
INFO: Run Behavior\ReadHtmlCacheBehavior [ RunTime:0.001033s ]
INFO: [ app_begin ] --END-- [ RunTime:0.001301s ]

[ 2016-04-16T15:47:39+08:00 ] ::1 /index.php/Home/Login/login.html
INFO: [ app_init ] --START--
INFO: Run Behavior\BuildLiteBehavior [ RunTime:0.000057s ]
INFO: [ app_init ] --END-- [ RunTime:0.001136s ]
INFO: [ app_begin ] --START--
INFO: Run Behavior\ReadHtmlCacheBehavior [ RunTime:0.001066s ]
INFO: [ app_begin ] --END-- [ RunTime:0.001338s ]
INFO: [ view_parse ] --START--
INFO: [ template_filter ] --START--
INFO: Run Behavior\ContentReplaceBehavior [ RunTime:0.000452s ]
INFO: [ template_filter ] --END-- [ RunTime:0.000834s ]
INFO: Run Behavior\ParseTemplateBehavior [ RunTime:0.021840s ]
INFO: [ view_parse ] --END-- [ RunTime:0.022199s ]
INFO: [ view_filter ] --START--
INFO: Run Behavior\WriteHtmlCacheBehavior [ RunTime:0.001628s ]
INFO: [ view_filter ] --END-- [ RunTime:0.002264s ]
INFO: [ app_end ] --START--
INFO: Run Behavior\ShowPageTraceBehavior [ RunTime:0.001716s ]
INFO: [ app_end ] --END-- [ RunTime:0.002233s ]

[ 2016-04-16T15:47:45+08:00 ] ::1 /index.php/Home/Login/login.html
INFO: [ app_init ] --START--
INFO: Run Behavior\BuildLiteBehavior [ RunTime:0.000105s ]
INFO: [ app_init ] --END-- [ RunTime:0.001700s ]
INFO: [ app_begin ] --START--
INFO: Run Behavior\ReadHtmlCacheBehavior [ RunTime:0.002060s ]
INFO: [ app_begin ] --END-- [ RunTime:0.002629s ]
SQL: SHOW COLUMNS FROM `whg_users` [ RunTime:0.0530s ]
NOTIC: [8] Undefined index: validate C:\wamp\www\ThinkPHP\Library\Think\Model.class.php 第 1185 行.
NOTIC: [8] Undefined index: auto C:\wamp\www\ThinkPHP\Library\Think\Model.class.php 第 1128 行.
SQL: SELECT `userid`,`username`,`password`,`lastdate`,`lastip` FROM `whg_users` WHERE `username` = 'whg1221' LIMIT 1   [ RunTime:0.0005s ]
INFO: [ view_parse ] --START--
INFO: [ template_filter ] --START--
INFO: Run Behavior\ContentReplaceBehavior [ RunTime:0.000200s ]
INFO: [ template_filter ] --END-- [ RunTime:0.000599s ]
INFO: Run Behavior\ParseTemplateBehavior [ RunTime:0.032326s ]
INFO: [ view_parse ] --END-- [ RunTime:0.032664s ]
INFO: [ view_filter ] --START--
INFO: Run Behavior\WriteHtmlCacheBehavior [ RunTime:0.001007s ]
INFO: [ view_filter ] --END-- [ RunTime:0.001342s ]

[ 2016-04-16T15:47:49+08:00 ] ::1 /index.php/Home/Login/login.html
INFO: [ app_init ] --START--
INFO: Run Behavior\BuildLiteBehavior [ RunTime:0.000072s ]
INFO: [ app_init ] --END-- [ RunTime:0.000994s ]
INFO: [ app_begin ] --START--
INFO: Run Behavior\ReadHtmlCacheBehavior [ RunTime:0.001457s ]
INFO: [ app_begin ] --END-- [ RunTime:0.001801s ]
INFO: [ view_parse ] --START--
INFO: [ template_filter ] --START--
INFO: Run Behavior\ContentReplaceBehavior [ RunTime:0.000202s ]
INFO: [ template_filter ] --END-- [ RunTime:0.000571s ]
INFO: Run Behavior\ParseTemplateBehavior [ RunTime:0.017458s ]
INFO: [ view_parse ] --END-- [ RunTime:0.017798s ]
INFO: [ view_filter ] --START--
INFO: Run Behavior\WriteHtmlCacheBehavior [ RunTime:0.001030s ]
INFO: [ view_filter ] --END-- [ RunTime:0.001349s ]
INFO: [ app_end ] --START--
INFO: Run Behavior\ShowPageTraceBehavior [ RunTime:0.001047s ]
INFO: [ app_end ] --END-- [ RunTime:0.001299s ]

[ 2016-04-16T15:48:37+08:00 ] ::1 /index.php/Home/Login/login.html
INFO: [ app_init ] --START--
INFO: Run Behavior\BuildLiteBehavior [ RunTime:0.000053s ]
INFO: [ app_init ] --END-- [ RunTime:0.000764s ]
INFO: [ app_begin ] --START--
INFO: Run Behavior\ReadHtmlCacheBehavior [ RunTime:0.002307s ]
INFO: [ app_begin ] --END-- [ RunTime:0.002655s ]
INFO: [ view_parse ] --START--
INFO: [ template_filter ] --START--
INFO: Run Behavior\ContentReplaceBehavior [ RunTime:0.000202s ]
INFO: [ template_filter ] --END-- [ RunTime:0.000486s ]
INFO: Run Behavior\ParseTemplateBehavior [ RunTime:0.018435s ]
INFO: [ view_parse ] --END-- [ RunTime:0.018715s ]
INFO: [ view_filter ] --START--
INFO: Run Behavior\WriteHtmlCacheBehavior [ RunTime:0.000779s ]
INFO: [ view_filter ] --END-- [ RunTime:0.001026s ]
INFO: [ app_end ] --START--
INFO: Run Behavior\ShowPageTraceBehavior [ RunTime:0.001221s ]
INFO: [ app_end ] --END-- [ RunTime:0.001499s ]

